

Microchip Technology PIC LITE Macro Assembler V1.30 build 55553 
                                                                                               Mon Oct  4 11:11:59 2021

Microchip Technology Omniscient Code Generator (Lite mode) build 55553
     1                           	processor	16F886
     2                           	opt	pw 120
     3                           	opt	lm
     4                           	psect	strings,global,class=STRING,delta=2
     5                           	psect	cinit,global,class=CODE,merge=1,delta=2
     6                           	psect	cstackCOMMON,global,class=COMMON,space=1,delta=1
     7                           	psect	maintext,global,class=CODE,split=1,delta=2
     8                           	psect	text1,local,class=CODE,merge=1,delta=2
     9                           	psect	text2,local,class=CODE,merge=1,delta=2
    10                           	psect	text3,local,class=CODE,merge=1,delta=2
    11                           	dabs	1,0x7E,2
    12  0000                     	;# 
    13  0001                     	;# 
    14  0002                     	;# 
    15  0003                     	;# 
    16  0004                     	;# 
    17  0005                     	;# 
    18  0006                     	;# 
    19  0007                     	;# 
    20  0009                     	;# 
    21  000A                     	;# 
    22  000B                     	;# 
    23  000C                     	;# 
    24  000D                     	;# 
    25  000E                     	;# 
    26  000E                     	;# 
    27  000F                     	;# 
    28  0010                     	;# 
    29  0011                     	;# 
    30  0012                     	;# 
    31  0013                     	;# 
    32  0014                     	;# 
    33  0015                     	;# 
    34  0015                     	;# 
    35  0016                     	;# 
    36  0017                     	;# 
    37  0018                     	;# 
    38  0019                     	;# 
    39  001A                     	;# 
    40  001B                     	;# 
    41  001B                     	;# 
    42  001C                     	;# 
    43  001D                     	;# 
    44  001E                     	;# 
    45  001F                     	;# 
    46  0081                     	;# 
    47  0085                     	;# 
    48  0086                     	;# 
    49  0087                     	;# 
    50  0089                     	;# 
    51  008C                     	;# 
    52  008D                     	;# 
    53  008E                     	;# 
    54  008F                     	;# 
    55  0090                     	;# 
    56  0091                     	;# 
    57  0092                     	;# 
    58  0093                     	;# 
    59  0093                     	;# 
    60  0093                     	;# 
    61  0094                     	;# 
    62  0095                     	;# 
    63  0096                     	;# 
    64  0097                     	;# 
    65  0098                     	;# 
    66  0099                     	;# 
    67  009A                     	;# 
    68  009B                     	;# 
    69  009C                     	;# 
    70  009D                     	;# 
    71  009E                     	;# 
    72  009F                     	;# 
    73  0105                     	;# 
    74  0107                     	;# 
    75  0108                     	;# 
    76  0109                     	;# 
    77  010C                     	;# 
    78  010C                     	;# 
    79  010D                     	;# 
    80  010E                     	;# 
    81  010F                     	;# 
    82  0185                     	;# 
    83  0187                     	;# 
    84  0188                     	;# 
    85  0189                     	;# 
    86  018C                     	;# 
    87  018D                     	;# 
    88  000B                     _INTCONbits	set	11
    89  0018                     _RCSTAbits	set	24
    90  0019                     _TXREG	set	25
    91  0064                     _TXIF	set	100
    92  008F                     _OSCCON	set	143
    93  008C                     _PIE1bits	set	140
    94  0099                     _SPBRG	set	153
    95  009A                     _SPBRGH	set	154
    96  0098                     _TXSTAbits	set	152
    97  0187                     _BAUDCTLbits	set	391
    98                           
    99                           	psect	strings
   100  0003                     __pstrings:	
   101  0003                     stringtab:	
   102  0003                     __stringtab:	
   103  0003                     stringcode:	
   104                           ;	String table - string pointers are 1 byte each
   105                           
   106  0003                     stringdir:	
   107  0003  3000               	movlw	high stringdir
   108  0004  008A               	movwf	10
   109  0005  0804               	movf	4,w
   110  0006  0A84               	incf	4,f
   111  0007  0782               	addwf	2,f
   112  0008                     __stringbase:	
   113  0008  3400               	retlw	0
   114  0009                     __end_of__stringtab:	
   115  0009                     __stringdata:	
   116  0009                     STR_1:	
   117  0009  3448               	retlw	72	;'H'
   118  000A  346F               	retlw	111	;'o'
   119  000B  346C               	retlw	108	;'l'
   120  000C  3461               	retlw	97	;'a'
   121  000D  3420               	retlw	32	;' '
   122  000E  340D               	retlw	13
   123  000F  340A               	retlw	10
   124  0010  3400               	retlw	0
   125  0011                     __end_of__stringdata:	
   126                           
   127                           ; #config settings
   128  0000                     
   129                           	psect	cinit
   130  07FC                     start_initialization:	
   131  07FC                     __initialization:	
   132  07FC                     end_of_initialization:	
   133                           ;End of C runtime variable initialization code
   134                           
   135  07FC                     __end_of__initialization:	
   136  07FC  0183               	clrf	3
   137  07FD  120A  118A  2FB9   	ljmp	_main	;jump to C main() function
   138                           
   139                           	psect	cstackCOMMON
   140  0070                     __pcstackCOMMON:	
   141  0070                     ?_init_uart:	
   142  0070                     ??_init_uart:	
   143                           ; 0 bytes @ 0x0
   144                           
   145  0070                     ?_putch:	
   146                           ; 0 bytes @ 0x0
   147                           
   148  0070                     ??_putch:	
   149                           ; 0 bytes @ 0x0
   150                           
   151  0070                     ?_main:	
   152                           ; 0 bytes @ 0x0
   153                           
   154  0070                     ?_printf:	
   155                           ; 0 bytes @ 0x0
   156                           
   157  0070                     putch@c:	
   158                           ; 2 bytes @ 0x0
   159                           
   160                           
   161                           ; 1 bytes @ 0x0
   162  0070                     	ds	1
   163  0071                     ??_printf:	
   164                           
   165                           ; 0 bytes @ 0x1
   166  0071                     	ds	1
   167  0072                     printf@ap:	
   168                           
   169                           ; 1 bytes @ 0x2
   170  0072                     	ds	1
   171  0073                     printf@c:	
   172                           
   173                           ; 1 bytes @ 0x3
   174  0073                     	ds	1
   175  0074                     printf@f:	
   176                           
   177                           ; 1 bytes @ 0x4
   178  0074                     	ds	1
   179  0075                     ??_main:	
   180                           
   181                           	psect	maintext
   182  07B9                     __pmaintext:	
   183                           ; 0 bytes @ 0x5
   184 ;;
   185 ;;Main: autosize = 0, tempsize = 0, incstack = 0, save=0
   186 ;;
   187 ;; *************** function _main *****************
   188 ;; Defined at:
   189 ;;		line 52 in file "../ejercicio2.c"
   190 ;; Parameters:    Size  Location     Type
   191 ;;		None
   192 ;; Auto vars:     Size  Location     Type
   193 ;;		None
   194 ;; Return value:  Size  Location     Type
   195 ;;		None               void
   196 ;; Registers used:
   197 ;;		wreg, fsr0l, fsr0h, status,2, status,0, pclath, cstack
   198 ;; Tracked objects:
   199 ;;		On entry : 17F/0
   200 ;;		On exit  : 0/0
   201 ;;		Unchanged: 0/0
   202 ;; Data sizes:     COMMON   BANK0   BANK1   BANK3   BANK2
   203 ;;      Params:         0       0       0       0       0
   204 ;;      Locals:         0       0       0       0       0
   205 ;;      Temps:          0       0       0       0       0
   206 ;;      Totals:         0       0       0       0       0
   207 ;;Total ram usage:        0 bytes
   208 ;; Hardware stack levels required when called:    2
   209 ;; This function calls:
   210 ;;		_init_uart
   211 ;;		_printf
   212 ;; This function is called by:
   213 ;;		Startup code after reset
   214 ;; This function uses a non-reentrant model
   215 ;;
   216                           
   217                           
   218                           ;psect for function _main
   219  07B9                     _main:	
   220                           
   221                           ;ejercicio2.c: 55: OSCCON = 0b00001000;
   222                           
   223                           ;incstack = 0
   224                           ; Regs used in _main: [wreg-fsr0h+status,2+status,0+pclath+cstack]
   225  07B9  3008               	movlw	8
   226  07BA  1683               	bsf	3,5	;RP0=1, select bank1
   227  07BB  1303               	bcf	3,6	;RP1=0, select bank1
   228  07BC  008F               	movwf	15	;volatile
   229                           
   230                           ;ejercicio2.c: 56: init_uart();
   231  07BD  120A  118A  27CB   	fcall	_init_uart
      +       120A  118A         
   232                           
   233                           ;ejercicio2.c: 57: INTCONbits.PEIE=1;
   234  07C2  170B               	bsf	11,6	;volatile
   235                           
   236                           ;ejercicio2.c: 58: INTCONbits.GIE=1;
   237  07C3  178B               	bsf	11,7	;volatile
   238  07C4                     l538:	
   239                           ;ejercicio2.c: 60: while(1)
   240                           
   241                           
   242                           ;ejercicio2.c: 61: printf("Hola \r\n");
   243  07C4  3001               	movlw	(STR_1-__stringbase)& (0+255)
   244  07C5  120A  118A  27E0   	fcall	_printf
      +       120A  118A         
   245  07CA  2FC4               	goto	l538
   246  07CB                     __end_of_main:	
   247                           
   248                           	psect	text1
   249  07E0                     __ptext1:	
   250 ;; *************** function _printf *****************
   251 ;; Defined at:
   252 ;;		line 464 in file "/opt/microchip/xc8/v1.30/sources/common/doprnt.c"
   253 ;; Parameters:    Size  Location     Type
   254 ;;  f               1    wreg     PTR const unsigned char 
   255 ;;		 -> STR_1(8), 
   256 ;; Auto vars:     Size  Location     Type
   257 ;;  f               1    4[COMMON] PTR const unsigned char 
   258 ;;		 -> STR_1(8), 
   259 ;;  _val            4    0        struct .
   260 ;;  c               1    3[COMMON] char 
   261 ;;  ap              1    2[COMMON] PTR void [1]
   262 ;;		 -> ?_printf(2), 
   263 ;;  flag            1    0        unsigned char 
   264 ;;  prec            1    0        char 
   265 ;; Return value:  Size  Location     Type
   266 ;;                  2   22[COMMON] int 
   267 ;; Registers used:
   268 ;;		wreg, fsr0l, fsr0h, status,2, status,0, pclath, cstack
   269 ;; Tracked objects:
   270 ;;		On entry : 0/0
   271 ;;		On exit  : 0/0
   272 ;;		Unchanged: 0/0
   273 ;; Data sizes:     COMMON   BANK0   BANK1   BANK3   BANK2
   274 ;;      Params:         0       0       0       0       0
   275 ;;      Locals:         3       0       0       0       0
   276 ;;      Temps:          1       0       0       0       0
   277 ;;      Totals:         4       0       0       0       0
   278 ;;Total ram usage:        4 bytes
   279 ;; Hardware stack levels used:    1
   280 ;; Hardware stack levels required when called:    1
   281 ;; This function calls:
   282 ;;		_putch
   283 ;; This function is called by:
   284 ;;		_main
   285 ;; This function uses a non-reentrant model
   286 ;;
   287                           
   288                           
   289                           ;psect for function _printf
   290  07E0                     _printf:	
   291                           
   292                           ;incstack = 0
   293                           ; Regs used in _printf: [wreg-fsr0h+status,2+status,0+pclath+cstack]
   294                           ;printf@f stored from wreg
   295  07E0  00F4               	movwf	printf@f
   296                           
   297                           ;doprnt.c: 466: va_list ap;
   298                           ;doprnt.c: 499: signed char c;
   299                           ;doprnt.c: 506: signed char prec;
   300                           ;doprnt.c: 508: unsigned char flag;
   301                           ;doprnt.c: 527: union {
   302                           ;doprnt.c: 528: unsigned int _val;
   303                           ;doprnt.c: 529: struct {
   304                           ;doprnt.c: 530: const char * _cp;
   305                           ;doprnt.c: 531: unsigned _len;
   306                           ;doprnt.c: 532: } _str;
   307                           ;doprnt.c: 533: } _val;
   308                           ;doprnt.c: 542: *ap = __va_start();
   309  07E1  3070               	movlw	?_printf& (0+255)
   310  07E2  00F1               	movwf	??_printf
   311  07E3  0871               	movf	??_printf,w
   312  07E4  00F2               	movwf	printf@ap
   313  07E5                     l528:	
   314                           ;doprnt.c: 552: }
   315                           ;doprnt.c: 1431: {
   316                           
   317                           ;doprnt.c: 551: continue;
   318                           
   319                           ;doprnt.c: 545: while(c = *f++) {
   320                           
   321  07E5  3001               	movlw	1
   322  07E6  07F4               	addwf	printf@f,f
   323  07E7  30FF               	movlw	-1
   324  07E8  0774               	addwf	printf@f,w
   325  07E9  0084               	movwf	4
   326  07EA  120A  118A  2003   	fcall	stringdir
      +       120A  118A         
   327  07EF  00F1               	movwf	??_printf
   328  07F0  0871               	movf	??_printf,w
   329  07F1  00F3               	movwf	printf@c
   330  07F2  08F3               	movf	printf@c,f
   331  07F3  1903               	btfsc	3,2
   332  07F4  0008               	return
   333                           
   334                           ;doprnt.c: 549: {
   335                           ;doprnt.c: 550: (putch(c) );
   336  07F5  0873               	movf	printf@c,w
   337  07F6  120A  118A  27B1   	fcall	_putch
      +       120A  118A         
   338  07FB  2FE5               	goto	l528
   339  07FC                     __end_of_printf:	
   340                           ;doprnt.c: 1478: }
   341                           ;doprnt.c: 1542: }
   342                           ;doprnt.c: 1549: return 0;
   343                           ;	Return value of _printf is never used
   344                           
   345                           
   346                           	psect	text2
   347  07B1                     __ptext2:	
   348 ;; *************** function _putch *****************
   349 ;; Defined at:
   350 ;;		line 44 in file "../ejercicio2.c"
   351 ;; Parameters:    Size  Location     Type
   352 ;;  c               1    wreg     unsigned char 
   353 ;; Auto vars:     Size  Location     Type
   354 ;;  c               1    0[COMMON] unsigned char 
   355 ;; Return value:  Size  Location     Type
   356 ;;		None               void
   357 ;; Registers used:
   358 ;;		wreg
   359 ;; Tracked objects:
   360 ;;		On entry : 0/0
   361 ;;		On exit  : 0/0
   362 ;;		Unchanged: 0/0
   363 ;; Data sizes:     COMMON   BANK0   BANK1   BANK3   BANK2
   364 ;;      Params:         0       0       0       0       0
   365 ;;      Locals:         1       0       0       0       0
   366 ;;      Temps:          0       0       0       0       0
   367 ;;      Totals:         1       0       0       0       0
   368 ;;Total ram usage:        1 bytes
   369 ;; Hardware stack levels used:    1
   370 ;; This function calls:
   371 ;;		Nothing
   372 ;; This function is called by:
   373 ;;		_printf
   374 ;; This function uses a non-reentrant model
   375 ;;
   376                           
   377                           
   378                           ;psect for function _putch
   379  07B1                     _putch:	
   380                           
   381                           ;incstack = 0
   382                           ; Regs used in _putch: [wreg]
   383                           ;putch@c stored from wreg
   384  07B1  00F0               	movwf	putch@c
   385  07B2                     l28:	
   386                           ;ejercicio2.c: 47: continue;
   387                           
   388                           ;ejercicio2.c: 46: while ( ! TXIF){
   389                           
   390  07B2  1283               	bcf	3,5	;RP0=0, select bank0
   391  07B3  1303               	bcf	3,6	;RP1=0, select bank0
   392  07B4  1E0C               	btfss	12,4	;volatile
   393  07B5  2FB2               	goto	l28
   394                           
   395                           ;ejercicio2.c: 48: }
   396                           ;ejercicio2.c: 49: TXREG = c;
   397  07B6  0870               	movf	putch@c,w
   398  07B7  0099               	movwf	25	;volatile
   399  07B8  0008               	return
   400  07B9                     __end_of_putch:	
   401                           
   402                           	psect	text3
   403  07CB                     __ptext3:	
   404 ;; *************** function _init_uart *****************
   405 ;; Defined at:
   406 ;;		line 18 in file "../ejercicio2.c"
   407 ;; Parameters:    Size  Location     Type
   408 ;;		None
   409 ;; Auto vars:     Size  Location     Type
   410 ;;		None
   411 ;; Return value:  Size  Location     Type
   412 ;;		None               void
   413 ;; Registers used:
   414 ;;		wreg, status,2
   415 ;; Tracked objects:
   416 ;;		On entry : 0/0
   417 ;;		On exit  : 0/0
   418 ;;		Unchanged: 0/0
   419 ;; Data sizes:     COMMON   BANK0   BANK1   BANK3   BANK2
   420 ;;      Params:         0       0       0       0       0
   421 ;;      Locals:         0       0       0       0       0
   422 ;;      Temps:          0       0       0       0       0
   423 ;;      Totals:         0       0       0       0       0
   424 ;;Total ram usage:        0 bytes
   425 ;; Hardware stack levels used:    1
   426 ;; This function calls:
   427 ;;		Nothing
   428 ;; This function is called by:
   429 ;;		_main
   430 ;; This function uses a non-reentrant model
   431 ;;
   432                           
   433                           
   434                           ;psect for function _init_uart
   435  07CB                     _init_uart:	
   436                           
   437                           ;ejercicio2.c: 21: TXSTAbits.BRGH = 0;
   438                           
   439                           ;incstack = 0
   440                           ; Regs used in _init_uart: [wreg+status,2]
   441  07CB  1683               	bsf	3,5	;RP0=1, select bank1
   442  07CC  1303               	bcf	3,6	;RP1=0, select bank1
   443  07CD  1118               	bcf	24,2	;volatile
   444                           
   445                           ;ejercicio2.c: 22: BAUDCTLbits.BRG16 = 0 ;
   446  07CE  1683               	bsf	3,5	;RP0=1, select bank3
   447  07CF  1703               	bsf	3,6	;RP1=1, select bank3
   448  07D0  1187               	bcf	7,3	;volatile
   449                           
   450                           ;ejercicio2.c: 25: SPBRGH = 0;
   451  07D1  1683               	bsf	3,5	;RP0=1, select bank1
   452  07D2  1303               	bcf	3,6	;RP1=0, select bank1
   453  07D3  019A               	clrf	26	;volatile
   454                           
   455                           ;ejercicio2.c: 26: SPBRG = 32;
   456  07D4  3020               	movlw	32
   457  07D5  0099               	movwf	25	;volatile
   458                           
   459                           ;ejercicio2.c: 28: TXSTAbits.SYNC = 0;
   460  07D6  1218               	bcf	24,4	;volatile
   461                           
   462                           ;ejercicio2.c: 29: TXSTAbits.TX9 = 0;
   463  07D7  1318               	bcf	24,6	;volatile
   464                           
   465                           ;ejercicio2.c: 32: PIE1bits.TXIE = 1;
   466  07D8  160C               	bsf	12,4	;volatile
   467                           
   468                           ;ejercicio2.c: 35: RCSTAbits.SPEN = 1;
   469  07D9  1283               	bcf	3,5	;RP0=0, select bank0
   470  07DA  1303               	bcf	3,6	;RP1=0, select bank0
   471  07DB  1798               	bsf	24,7	;volatile
   472                           
   473                           ;ejercicio2.c: 37: TXSTAbits.TXEN = 1;
   474  07DC  1683               	bsf	3,5	;RP0=1, select bank1
   475  07DD  1303               	bcf	3,6	;RP1=0, select bank1
   476  07DE  1698               	bsf	24,5	;volatile
   477  07DF  0008               	return
   478  07E0                     __end_of_init_uart:	
   479  007E                     btemp	set	126	;btemp
   480  007E                     wtemp	set	126
   481  007E                     wtemp0	set	126
   482  0080                     wtemp1	set	128
   483  0082                     wtemp2	set	130
   484  0084                     wtemp3	set	132
   485  0086                     wtemp4	set	134
   486  0088                     wtemp5	set	136
   487  007F                     wtemp6	set	127
   488  007E                     ttemp	set	126
   489  007E                     ttemp0	set	126
   490  0081                     ttemp1	set	129
   491  0084                     ttemp2	set	132
   492  0087                     ttemp3	set	135
   493  007F                     ttemp4	set	127
   494  007E                     ltemp	set	126
   495  007E                     ltemp0	set	126
   496  0082                     ltemp1	set	130
   497  0086                     ltemp2	set	134
   498  0080                     ltemp3	set	128


Data Sizes:
    Strings     8
    Constant    0
    Data        0
    BSS         0
    Persistent  0
    Stack       0

Auto Spaces:
    Space          Size  Autos    Used
    COMMON           14      5       5
    BANK0            80      0       0
    BANK1            80      0       0
    BANK3            96      0       0
    BANK2            96      0       0

Pointer List with Targets:

    printf@f	PTR const unsigned char  size(1) Largest target is 8
		 -> STR_1(CODE[8]), 

    printf@ap	PTR void [1] size(1) Largest target is 2
		 -> ?_printf(COMMON[2]), 

    S237$_cp	PTR const unsigned char  size(1) Largest target is 0

    _val._str._cp	PTR const unsigned char  size(1) Largest target is 0


Critical Paths under _main in COMMON

    _main->_printf
    _printf->_putch

Critical Paths under _main in BANK0

    None.

Critical Paths under _main in BANK1

    None.

Critical Paths under _main in BANK3

    None.

Critical Paths under _main in BANK2

    None.

Call Graph Tables:

 ---------------------------------------------------------------------------------
 (Depth) Function   	        Calls       Base Space   Used Autos Params    Refs
 ---------------------------------------------------------------------------------
 (0) _main                                                 0     0      0      69
                          _init_uart
                             _printf
 ---------------------------------------------------------------------------------
 (1) _printf                                              10    10      0      69
                                              1 COMMON     4     4      0
                              _putch
 ---------------------------------------------------------------------------------
 (2) _putch                                                1     1      0      15
                                              0 COMMON     1     1      0
 ---------------------------------------------------------------------------------
 (1) _init_uart                                            0     0      0       0
 ---------------------------------------------------------------------------------
 Estimated maximum stack depth 2
 ---------------------------------------------------------------------------------

 Call Graph Graphs:

 _main (ROOT)
   _init_uart
   _printf
     _putch

 Address spaces:
Name               Size   Autos  Total    Cost      Usage
BITCOMMON            E      0       0       0        0.0%
EEDATA             100      0       0       0        0.0%
NULL                 0      0       0       0        0.0%
CODE                 0      0       0       0        0.0%
COMMON               E      5       5       1       35.7%
BITSFR0              0      0       0       1        0.0%
SFR0                 0      0       0       1        0.0%
BITSFR1              0      0       0       2        0.0%
SFR1                 0      0       0       2        0.0%
STACK                0      0       0       2        0.0%
ABS                  0      0       0       3        0.0%
BITBANK0            50      0       0       4        0.0%
BITSFR3              0      0       0       4        0.0%
SFR3                 0      0       0       4        0.0%
BANK0               50      0       0       5        0.0%
BITSFR2              0      0       0       5        0.0%
SFR2                 0      0       0       5        0.0%
BITBANK1            50      0       0       6        0.0%
BANK1               50      0       0       7        0.0%
BITBANK3            60      0       0       8        0.0%
BANK3               60      0       0       9        0.0%
BITBANK2            60      0       0      10        0.0%
BANK2               60      0       0      11        0.0%
DATA                 0      0       0      12        0.0%


Microchip Technology PIC Macro Assembler V1.30 build 55553 
Symbol Table                                                                                   Mon Oct  4 11:11:59 2021

                      pc 0002              __CFG_CP$OFF 0000                       l28 07B2  
                     fsr 0004                      l528 07E5                      l538 07C4  
           __CFG_CPD$OFF 0000                      fsr0 0004             __CFG_FOSC$HS 0000  
           __CFG_LVP$OFF 0000                     STR_1 0009                     _TXIF 0064  
           __CFG_WRT$OFF 0000                     _main 07B9                     btemp 007E  
                   ltemp 007E                     start 0000                     ttemp 007E  
                   wtemp 007E            __CFG_IESO$OFF 0000            __CFG_MCLRE$ON 0000  
                  ?_main 0070            __CFG_WDTE$OFF 0000           __CFG_DEBUG$OFF 0000  
                  _SPBRG 0099                    _TXREG 0019            __CFG_PWRTE$ON 0000  
         __CFG_FCMEN$OFF 0000                    _putch 07B1           __CFG_BOREN$OFF 0000  
                  pclath 000A                    ltemp0 007E                    ltemp1 0082  
                  ltemp2 0086                    ltemp3 0080                    ttemp0 007E  
                  ttemp1 0081                    ttemp2 0084                    ttemp3 0087  
                  ttemp4 007F                    status 0003                    wtemp0 007E  
                  wtemp1 0080                    wtemp2 0082                    wtemp3 0084  
                  wtemp4 0086                    wtemp5 0088                    wtemp6 007F  
        __initialization 07FC             __end_of_main 07CB                   ??_main 0075  
                 ?_putch 0070                   _OSCCON 008F                   _SPBRGH 009A  
                 _printf 07E0                   putch@c 0070  __end_of__initialization 07FC  
         __pcstackCOMMON 0070            __end_of_putch 07B9                  ??_putch 0070  
     __size_of_init_uart 0015               __pmaintext 07B9                  ?_printf 0070  
             __stringtab 0003                  __ptext1 07E0                  __ptext2 07B1  
                __ptext3 07CB          __size_of_printf 001C        __end_of_init_uart 07E0  
   end_of_initialization 07FC                _RCSTAbits 0018                  printf@c 0073  
                printf@f 0074                _TXSTAbits 0098              _BAUDCTLbits 0187  
         __end_of_printf 07FC      start_initialization 07FC                 ??_printf 0071  
              ___latbits 0002      __end_of__stringdata 0011                __pstrings 0003  
              _init_uart 07CB           __size_of_putch 0008                 _PIE1bits 008C  
            __stringbase 0008              __stringdata 0009               ?_init_uart 0070  
     __end_of__stringtab 0009        __CFG_BOR4V$BOR21V 0000            __size_of_main 0012  
             _INTCONbits 000B              ??_init_uart 0070                stringcode 0003  
               printf@ap 0072                 stringdir 0003                 stringtab 0003  
