

Microchip Technology PIC LITE Macro Assembler V1.30 build 55553 
                                                                                               Tue Sep 28 10:40:15 2021

Microchip Technology Omniscient Code Generator (Lite mode) build 55553
     1                           	processor	16F886
     2                           	opt	pw 120
     3                           	opt	lm
     4                           	psect	text0,local,class=CODE,merge=1,delta=2
     5                           	psect	cinit,global,class=CODE,merge=1,delta=2
     6                           	psect	bssCOMMON,global,class=COMMON,space=1,delta=1
     7                           	psect	cstackCOMMON,global,class=COMMON,space=1,delta=1
     8                           	psect	maintext,global,class=CODE,split=1,delta=2
     9                           	psect	text1,local,class=CODE,merge=1,delta=2
    10                           	psect	text2,local,class=CODE,merge=1,delta=2
    11                           	psect	intentry,global,class=CODE,delta=2
    12                           	dabs	1,0x7E,2
    13  0000                     	;# 
    14  0001                     	;# 
    15  0002                     	;# 
    16  0003                     	;# 
    17  0004                     	;# 
    18  0005                     	;# 
    19  0006                     	;# 
    20  0007                     	;# 
    21  0009                     	;# 
    22  000A                     	;# 
    23  000B                     	;# 
    24  000C                     	;# 
    25  000D                     	;# 
    26  000E                     	;# 
    27  000E                     	;# 
    28  000F                     	;# 
    29  0010                     	;# 
    30  0011                     	;# 
    31  0012                     	;# 
    32  0013                     	;# 
    33  0014                     	;# 
    34  0015                     	;# 
    35  0015                     	;# 
    36  0016                     	;# 
    37  0017                     	;# 
    38  0018                     	;# 
    39  0019                     	;# 
    40  001A                     	;# 
    41  001B                     	;# 
    42  001B                     	;# 
    43  001C                     	;# 
    44  001D                     	;# 
    45  001E                     	;# 
    46  001F                     	;# 
    47  0081                     	;# 
    48  0085                     	;# 
    49  0086                     	;# 
    50  0087                     	;# 
    51  0089                     	;# 
    52  008C                     	;# 
    53  008D                     	;# 
    54  008E                     	;# 
    55  008F                     	;# 
    56  0090                     	;# 
    57  0091                     	;# 
    58  0092                     	;# 
    59  0093                     	;# 
    60  0093                     	;# 
    61  0093                     	;# 
    62  0094                     	;# 
    63  0095                     	;# 
    64  0096                     	;# 
    65  0097                     	;# 
    66  0098                     	;# 
    67  0099                     	;# 
    68  009A                     	;# 
    69  009B                     	;# 
    70  009C                     	;# 
    71  009D                     	;# 
    72  009E                     	;# 
    73  009F                     	;# 
    74  0105                     	;# 
    75  0107                     	;# 
    76  0108                     	;# 
    77  0109                     	;# 
    78  010C                     	;# 
    79  010C                     	;# 
    80  010D                     	;# 
    81  010E                     	;# 
    82  010F                     	;# 
    83  0185                     	;# 
    84  0187                     	;# 
    85  0188                     	;# 
    86  0189                     	;# 
    87  018C                     	;# 
    88  018D                     	;# 
    89  000B                     _INTCONbits	set	11
    90  0006                     _PORTB	set	6
    91  0001                     _TMR0	set	1
    92  0081                     _OPTION_REGbits	set	129
    93  008F                     _OSCCON	set	143
    94  0085                     _TRISA	set	133
    95  0086                     _TRISB	set	134
    96  0188                     _ANSEL	set	392
    97  0189                     _ANSELH	set	393
    98                           
    99                           	psect	text0
   100  0000                     __ptext0:	
   101                           ; #config settings
   102                           
   103                           
   104                           ;psect for function _t0int
   105  0000                     
   106                           	psect	cinit
   107  0015                     start_initialization:	
   108  0015                     __initialization:	
   109                           
   110                           ; Clear objects allocated to COMMON
   111  0015  01F0               	clrf	__pbssCOMMON& (0+127)
   112  0016  01F1               	clrf	(__pbssCOMMON+1)& (0+127)
   113  0017  01F2               	clrf	(__pbssCOMMON+2)& (0+127)
   114  0018  01F3               	clrf	(__pbssCOMMON+3)& (0+127)
   115  0019                     end_of_initialization:	
   116                           ;End of C runtime variable initialization code
   117                           
   118  0019                     __end_of__initialization:	
   119  0019  0183               	clrf	3
   120  001A  120A  118A  284A   	ljmp	_main	;jump to C main() function
   121                           
   122                           	psect	bssCOMMON
   123  0070                     __pbssCOMMON:	
   124  0070                     _numInterruptT0:	
   125  0070                     	ds	2
   126  0072                     _x:	
   127  0072                     	ds	2
   128                           
   129                           	psect	cstackCOMMON
   130  0074                     __pcstackCOMMON:	
   131  0074                     ?_t0int:	
   132  0074                     ??_t0int:	
   133                           ; 0 bytes @ 0x0
   134                           
   135  0074                     ?_init_t0:	
   136                           ; 0 bytes @ 0x0
   137                           
   138  0074                     ?_main:	
   139                           ; 0 bytes @ 0x0
   140                           
   141                           
   142                           ; 0 bytes @ 0x0
   143  0074                     	ds	4
   144  0078                     ??_init_t0:	
   145  0078                     ??_main:	
   146                           ; 0 bytes @ 0x4
   147                           
   148                           
   149                           	psect	maintext
   150  004A                     __pmaintext:	
   151                           ; 0 bytes @ 0x4
   152 ;;
   153 ;;Main: autosize = 0, tempsize = 0, incstack = 0, save=0
   154 ;;
   155 ;; *************** function _main *****************
   156 ;; Defined at:
   157 ;;		line 43 in file "../ensayo-1.c"
   158 ;; Parameters:    Size  Location     Type
   159 ;;		None
   160 ;; Auto vars:     Size  Location     Type
   161 ;;		None
   162 ;; Return value:  Size  Location     Type
   163 ;;		None               void
   164 ;; Registers used:
   165 ;;		wreg, status,2, status,0, pclath, cstack
   166 ;; Tracked objects:
   167 ;;		On entry : 17F/0
   168 ;;		On exit  : 0/0
   169 ;;		Unchanged: 0/0
   170 ;; Data sizes:     COMMON   BANK0   BANK1   BANK3   BANK2
   171 ;;      Params:         0       0       0       0       0
   172 ;;      Locals:         0       0       0       0       0
   173 ;;      Temps:          0       0       0       0       0
   174 ;;      Totals:         0       0       0       0       0
   175 ;;Total ram usage:        0 bytes
   176 ;; Hardware stack levels required when called:    2
   177 ;; This function calls:
   178 ;;		_init_t0
   179 ;; This function is called by:
   180 ;;		Startup code after reset
   181 ;; This function uses a non-reentrant model
   182 ;;
   183                           
   184                           
   185                           ;psect for function _main
   186  004A                     _main:	
   187                           
   188                           ;ensayo-1.c: 48: OSCCON = 0b00001000;
   189                           
   190                           ;incstack = 0
   191                           ; Regs used in _main: [wreg+status,2+status,0+pclath+cstack]
   192  004A  3008               	movlw	8
   193  004B  1683               	bsf	3,5	;RP0=1, select bank1
   194  004C  1303               	bcf	3,6	;RP1=0, select bank1
   195  004D  008F               	movwf	15	;volatile
   196                           
   197                           ;ensayo-1.c: 50: ANSEL = 0;
   198  004E  1683               	bsf	3,5	;RP0=1, select bank3
   199  004F  1703               	bsf	3,6	;RP1=1, select bank3
   200  0050  0188               	clrf	8	;volatile
   201                           
   202                           ;ensayo-1.c: 51: ANSELH = 0;
   203  0051  0189               	clrf	9	;volatile
   204                           
   205                           ;ensayo-1.c: 52: TRISA = 0;
   206  0052  1683               	bsf	3,5	;RP0=1, select bank1
   207  0053  1303               	bcf	3,6	;RP1=0, select bank1
   208  0054  0185               	clrf	5	;volatile
   209                           
   210                           ;ensayo-1.c: 53: TRISB = 0;
   211  0055  0186               	clrf	6	;volatile
   212                           
   213                           ;ensayo-1.c: 55: init_t0();
   214  0056  120A  118A  205E   	fcall	_init_t0
      +       120A  118A         
   215                           
   216                           ;ensayo-1.c: 57: INTCONbits.INTE=1;
   217  005B  160B               	bsf	11,4	;volatile
   218                           
   219                           ;ensayo-1.c: 58: INTCONbits.GIE=1;
   220  005C  178B               	bsf	11,7	;volatile
   221  005D                     l32:	
   222                           ;ensayo-1.c: 69: while(1){
   223                           
   224  005D  285D               	goto	l32
   225  005E                     __end_of_main:	
   226                           
   227                           	psect	text1
   228  005E                     __ptext1:	
   229 ;; *************** function _init_t0 *****************
   230 ;; Defined at:
   231 ;;		line 35 in file "../ensayo-1.c"
   232 ;; Parameters:    Size  Location     Type
   233 ;;		None
   234 ;; Auto vars:     Size  Location     Type
   235 ;;		None
   236 ;; Return value:  Size  Location     Type
   237 ;;		None               void
   238 ;; Registers used:
   239 ;;		wreg, status,2, status,0
   240 ;; Tracked objects:
   241 ;;		On entry : 0/0
   242 ;;		On exit  : 0/0
   243 ;;		Unchanged: 0/0
   244 ;; Data sizes:     COMMON   BANK0   BANK1   BANK3   BANK2
   245 ;;      Params:         0       0       0       0       0
   246 ;;      Locals:         0       0       0       0       0
   247 ;;      Temps:          0       0       0       0       0
   248 ;;      Totals:         0       0       0       0       0
   249 ;;Total ram usage:        0 bytes
   250 ;; Hardware stack levels used:    1
   251 ;; Hardware stack levels required when called:    1
   252 ;; This function calls:
   253 ;;		Nothing
   254 ;; This function is called by:
   255 ;;		_main
   256 ;; This function uses a non-reentrant model
   257 ;;
   258                           
   259                           
   260                           ;psect for function _init_t0
   261  005E                     _init_t0:	
   262                           
   263                           ;ensayo-1.c: 37: OPTION_REGbits.PS=0b111;
   264                           
   265                           ;incstack = 0
   266                           ; Regs used in _init_t0: [wreg+status,2+status,0]
   267  005E  3007               	movlw	7
   268  005F  1683               	bsf	3,5	;RP0=1, select bank1
   269  0060  1303               	bcf	3,6	;RP1=0, select bank1
   270  0061  0481               	iorwf	1,f	;volatile
   271                           
   272                           ;ensayo-1.c: 38: OPTION_REGbits.T0CS=0;
   273  0062  1281               	bcf	1,5	;volatile
   274                           
   275                           ;ensayo-1.c: 39: OPTION_REGbits.PSA=0;
   276  0063  1181               	bcf	1,3	;volatile
   277                           
   278                           ;ensayo-1.c: 40: INTCONbits.T0IE=1;
   279  0064  168B               	bsf	11,5	;volatile
   280  0065  0008               	return
   281  0066                     __end_of_init_t0:	
   282                           
   283                           	psect	text2
   284  001D                     __ptext2:	
   285 ;; *************** function _t0int *****************
   286 ;; Defined at:
   287 ;;		line 23 in file "../ensayo-1.c"
   288 ;; Parameters:    Size  Location     Type
   289 ;;		None
   290 ;; Auto vars:     Size  Location     Type
   291 ;;		None
   292 ;; Return value:  Size  Location     Type
   293 ;;		None               void
   294 ;; Registers used:
   295 ;;		wreg, status,2, btemp+1
   296 ;; Tracked objects:
   297 ;;		On entry : 0/0
   298 ;;		On exit  : 0/0
   299 ;;		Unchanged: 0/0
   300 ;; Data sizes:     COMMON   BANK0   BANK1   BANK3   BANK2
   301 ;;      Params:         0       0       0       0       0
   302 ;;      Locals:         0       0       0       0       0
   303 ;;      Temps:          4       0       0       0       0
   304 ;;      Totals:         4       0       0       0       0
   305 ;;Total ram usage:        4 bytes
   306 ;; Hardware stack levels used:    1
   307 ;; This function calls:
   308 ;;		Nothing
   309 ;; This function is called by:
   310 ;;		Interrupt level 1
   311 ;; This function uses a non-reentrant model
   312 ;;
   313                           
   314                           
   315                           ;psect for function _t0int
   316  001D                     _t0int:	
   317                           
   318                           ;ensayo-1.c: 25: TMR0 =157;
   319  001D  309D               	movlw	157
   320  001E  0081               	movwf	1	;volatile
   321                           
   322                           ;ensayo-1.c: 26: numInterruptT0++;
   323  001F  3001               	movlw	1
   324  0020  07F0               	addwf	_numInterruptT0,f
   325  0021  1803               	skipnc
   326  0022  0AF1               	incf	_numInterruptT0+1,f
   327  0023  3000               	movlw	0
   328  0024  07F1               	addwf	_numInterruptT0+1,f
   329                           
   330                           ;ensayo-1.c: 27: if(numInterruptT0>=199){
   331  0025  0871               	movf	_numInterruptT0+1,w
   332  0026  3A80               	xorlw	128
   333  0027  00FF               	movwf	127
   334  0028  3080               	movlw	128
   335  0029  027F               	subwf	127,w
   336  002A  1D03               	skipz
   337  002B  282E               	goto	u1_25
   338  002C  30C7               	movlw	199
   339  002D  0270               	subwf	_numInterruptT0,w
   340  002E                     u1_25:	
   341  002E  1C03               	skipc
   342  002F  283C               	goto	i1l500
   343                           
   344                           ;ensayo-1.c: 28: x++;
   345  0030  3001               	movlw	1
   346  0031  07F2               	addwf	_x,f
   347  0032  1803               	skipnc
   348  0033  0AF3               	incf	_x+1,f
   349  0034  3000               	movlw	0
   350  0035  07F3               	addwf	_x+1,f
   351                           
   352                           ;ensayo-1.c: 29: PORTB = x;
   353  0036  0872               	movf	_x,w
   354  0037  1283               	bcf	3,5	;RP0=0, select bank0
   355  0038  1303               	bcf	3,6	;RP1=0, select bank0
   356  0039  0086               	movwf	6	;volatile
   357                           
   358                           ;ensayo-1.c: 30: numInterruptT0 = 0;
   359  003A  01F0               	clrf	_numInterruptT0
   360  003B  01F1               	clrf	_numInterruptT0+1
   361  003C                     i1l500:	
   362                           
   363                           ;ensayo-1.c: 31: }
   364                           ;ensayo-1.c: 32: INTCONbits.T0IF=0;
   365  003C  110B               	bcf	11,2	;volatile
   366  003D  0877               	movf	??_t0int+3,w
   367  003E  1283               	bcf	3,5	;RP0=0, select bank0
   368  003F  1303               	bcf	3,6	;RP1=0, select bank0
   369  0040  00FF               	movwf	127
   370  0041  0876               	movf	??_t0int+2,w
   371  0042  008A               	movwf	10
   372  0043  0875               	movf	??_t0int+1,w
   373  0044  0084               	movwf	4
   374  0045  0E74               	swapf	??_t0int^(0+-128),w
   375  0046  0083               	movwf	3
   376  0047  0EFE               	swapf	126,f
   377  0048  0E7E               	swapf	126,w
   378  0049  0009               	retfie
   379  004A                     __end_of_t0int:	
   380  007E                     btemp	set	126	;btemp
   381  007E                     wtemp	set	126
   382  007E                     wtemp0	set	126
   383  0080                     wtemp1	set	128
   384  0082                     wtemp2	set	130
   385  0084                     wtemp3	set	132
   386  0086                     wtemp4	set	134
   387  0088                     wtemp5	set	136
   388  007F                     wtemp6	set	127
   389  007E                     ttemp	set	126
   390  007E                     ttemp0	set	126
   391  0081                     ttemp1	set	129
   392  0084                     ttemp2	set	132
   393  0087                     ttemp3	set	135
   394  007F                     ttemp4	set	127
   395  007E                     ltemp	set	126
   396  007E                     ltemp0	set	126
   397  0082                     ltemp1	set	130
   398  0086                     ltemp2	set	134
   399  0080                     ltemp3	set	128
   400                           
   401                           	psect	intentry
   402  0004                     __pintentry:	
   403                           ;incstack = 0
   404                           ; Regs used in _t0int: [wreg+status,2+btemp+1]
   405                           
   406  0004                     interrupt_function:	
   407  007E                     saved_w	set	btemp
   408  0004  00FE               	movwf	btemp
   409  0005  0E03               	swapf	3,w
   410  0006  00F4               	movwf	??_t0int
   411  0007  0804               	movf	4,w
   412  0008  00F5               	movwf	??_t0int+1
   413  0009  080A               	movf	10,w
   414  000A  00F6               	movwf	??_t0int+2
   415  000B  1283               	bcf	3,5	;RP0=0, select bank0
   416  000C  1303               	bcf	3,6	;RP1=0, select bank0
   417  000D  087F               	movf	btemp+1,w
   418  000E  00F7               	movwf	??_t0int+3
   419  000F  120A  118A  281D   	ljmp	_t0int


Data Sizes:
    Strings     0
    Constant    0
    Data        0
    BSS         4
    Persistent  0
    Stack       0

Auto Spaces:
    Space          Size  Autos    Used
    COMMON           14      4       8
    BANK0            80      0       0
    BANK1            80      0       0
    BANK3            96      0       0
    BANK2            96      0       0

Pointer List with Targets:

    None.

Critical Paths under _main in COMMON

    None.

Critical Paths under _t0int in COMMON

    None.

Critical Paths under _main in BANK0

    None.

Critical Paths under _t0int in BANK0

    None.

Critical Paths under _main in BANK1

    None.

Critical Paths under _t0int in BANK1

    None.

Critical Paths under _main in BANK3

    None.

Critical Paths under _t0int in BANK3

    None.

Critical Paths under _main in BANK2

    None.

Critical Paths under _t0int in BANK2

    None.

Call Graph Tables:

 ---------------------------------------------------------------------------------
 (Depth) Function   	        Calls       Base Space   Used Autos Params    Refs
 ---------------------------------------------------------------------------------
 (0) _main                                                 0     0      0       0
                            _init_t0
 ---------------------------------------------------------------------------------
 (1) _init_t0                                              0     0      0       0
 ---------------------------------------------------------------------------------
 Estimated maximum stack depth 1
 ---------------------------------------------------------------------------------
 (Depth) Function   	        Calls       Base Space   Used Autos Params    Refs
 ---------------------------------------------------------------------------------
 (2) _t0int                                                4     4      0       0
                                              0 COMMON     4     4      0
 ---------------------------------------------------------------------------------
 Estimated maximum stack depth 2
 ---------------------------------------------------------------------------------

 Call Graph Graphs:

 _main (ROOT)
   _init_t0

 _t0int (ROOT)

 Address spaces:
Name               Size   Autos  Total    Cost      Usage
BITCOMMON            E      0       0       0        0.0%
EEDATA             100      0       0       0        0.0%
NULL                 0      0       0       0        0.0%
CODE                 0      0       0       0        0.0%
COMMON               E      4       8       1       57.1%
BITSFR0              0      0       0       1        0.0%
SFR0                 0      0       0       1        0.0%
BITSFR1              0      0       0       2        0.0%
SFR1                 0      0       0       2        0.0%
STACK                0      0       0       2        0.0%
ABS                  0      0       8       3        0.0%
BITBANK0            50      0       0       4        0.0%
BITSFR3              0      0       0       4        0.0%
SFR3                 0      0       0       4        0.0%
BANK0               50      0       0       5        0.0%
BITSFR2              0      0       0       5        0.0%
SFR2                 0      0       0       5        0.0%
BITBANK1            50      0       0       6        0.0%
BANK1               50      0       0       7        0.0%
BITBANK3            60      0       0       8        0.0%
BANK3               60      0       0       9        0.0%
BITBANK2            60      0       0      10        0.0%
BANK2               60      0       0      11        0.0%
DATA                 0      0       8      12        0.0%


Microchip Technology PIC Macro Assembler V1.30 build 55553 
Symbol Table                                                                                   Tue Sep 28 10:40:15 2021

                      _x 0072              __CFG_CP$OFF 0000                       l32 005D  
           __CFG_CPD$OFF 0000                      fsr0 0004             __CFG_FOSC$HS 0000  
           __CFG_LVP$OFF 0000                     _TMR0 0001                     u1_25 002E  
           __CFG_WRT$OFF 0000                     _main 004A                     btemp 007E  
                   ltemp 007E                     start 0012                     ttemp 007E  
                   wtemp 007E            __CFG_IESO$OFF 0000            __CFG_MCLRE$ON 0000  
                  ?_main 0074            __CFG_WDTE$OFF 0000                    _ANSEL 0188  
         __CFG_DEBUG$OFF 0000                    i1l500 003C                    _PORTB 0006  
                  _TRISA 0085                    _TRISB 0086            __CFG_PWRTE$ON 0000  
         __CFG_FCMEN$OFF 0000                    _t0int 001D          __end_of_init_t0 0066  
         __CFG_BOREN$OFF 0000                    pclath 000A                    ltemp0 007E  
                  ltemp1 0082                    ltemp2 0086                    ltemp3 0080  
                  ttemp0 007E                    ttemp1 0081                    ttemp2 0084  
                  ttemp3 0087                    ttemp4 007F                    status 0003  
                  wtemp0 007E                    wtemp1 0080                    wtemp2 0082  
                  wtemp3 0084                    wtemp4 0086                    wtemp5 0088  
                  wtemp6 007F          __initialization 0015             __end_of_main 005E  
                 ??_main 0078                   ?_t0int 0074                   _ANSELH 0189  
                 _OSCCON 008F                ??_init_t0 0078                   saved_w 007E  
__end_of__initialization 0019           __pcstackCOMMON 0074            __end_of_t0int 004A  
         _OPTION_REGbits 0081                  ??_t0int 0074               __pmaintext 004A  
             __pintentry 0004           _numInterruptT0 0070                  __ptext0 0000  
                __ptext1 005E                  __ptext2 001D                  _init_t0 005E  
   end_of_initialization 0019      start_initialization 0015              __pbssCOMMON 0070  
              ___latbits 0002                 ?_init_t0 0074           __size_of_t0int 002D  
      interrupt_function 0004         __size_of_init_t0 0008        __CFG_BOR4V$BOR21V 0000  
          __size_of_main 0014               _INTCONbits 000B                 intlevel1 0000  
